# JRE version: Java(TM) SE Runtime Environment (17.0+35) (build 17+35-LTS-2724)
# Java VM: Java HotSpot(TM) 64-Bit Server VM (17+35-LTS-2724, mixed mode, sharing, tiered, compressed oops, compressed class ptrs, g1 gc, windows-amd64)
GC Precious Log:
 CPUs: 8 total, 8 available
 Memory: 8022M
 Large Page Support: Disabled
 NUMA Support: Disabled
 Compressed Oops: Enabled (32-bit)
 Heap Region Size: 1M
 Heap Min Capacity: 8M
 Heap Initial Capacity: 126M
 Heap Max Capacity: 2006M
 Pre-touch: Disabled
 Parallel Workers: 8
 Concurrent Workers: 2
 Concurrent Refinement Workers: 8
 Periodic GC: Disabled
Heap:
 garbage-first heap   total 129024K, used 19865K [0x0000000082a00000, 0x0000000100000000)
  region size 1024K, 17 young (17408K), 6 survivors (6144K)
 Metaspace       used 15883K, committed 16064K, reserved 1064960K
  class space    used 1876K, committed 1920K, reserved 1048576K
GC Heap History (6 events):
Event: 2.720 GC heap before
{Heap before GC invocations=0 (full 0):
 garbage-first heap   total 129024K, used 23552K [0x0000000082a00000, 0x0000000100000000)
  region size 1024K, 23 young (23552K), 0 survivors (0K)
 Metaspace       used 5471K, committed 5632K, reserved 1056768K
  class space    used 661K, committed 768K, reserved 1048576K
}
Event: 2.735 GC heap after
{Heap after GC invocations=1 (full 0):
 garbage-first heap   total 129024K, used 3563K [0x0000000082a00000, 0x0000000100000000)
  region size 1024K, 3 young (3072K), 3 survivors (3072K)
 Metaspace       used 5471K, committed 5632K, reserved 1056768K
  class space    used 661K, committed 768K, reserved 1048576K
}
Event: 5.000 GC heap before
{Heap before GC invocations=1 (full 0):
 garbage-first heap   total 129024K, used 34283K [0x0000000082a00000, 0x0000000100000000)
  region size 1024K, 33 young (33792K), 3 survivors (3072K)
 Metaspace       used 8666K, committed 8896K, reserved 1064960K
  class space    used 1060K, committed 1152K, reserved 1048576K
}
Event: 5.016 GC heap after
{Heap after GC invocations=2 (full 0):
 garbage-first heap   total 129024K, used 4851K [0x0000000082a00000, 0x0000000100000000)
  region size 1024K, 2 young (2048K), 2 survivors (2048K)
 Metaspace       used 8666K, committed 8896K, reserved 1064960K
  class space    used 1060K, committed 1152K, reserved 1048576K
}
Event: 12.766 GC heap before
{Heap before GC invocations=2 (full 0):
 garbage-first heap   total 129024K, used 79603K [0x0000000082a00000, 0x0000000100000000)
  region size 1024K, 75 young (76800K), 2 survivors (2048K)
 Metaspace       used 15819K, committed 15936K, reserved 1064960K
  class space    used 1873K, committed 1920K, reserved 1048576K
}
Event: 12.800 GC heap after
{Heap after GC invocations=3 (full 0):
 garbage-first heap   total 129024K, used 9625K [0x0000000082a00000, 0x0000000100000000)
  region size 1024K, 6 young (6144K), 6 survivors (6144K)
 Metaspace       used 15819K, committed 15936K, reserved 1064960K
  class space    used 1873K, committed 1920K, reserved 1048576K
}

