<?xml version="1.0" encoding="UTF-8"?>
<testsuite xmlns:xsi="http://www.w3.org/2001/XMLSchema-instance" xsi:noNamespaceSchemaLocation="https://maven.apache.org/surefire/maven-surefire-plugin/xsd/surefire-test-report.xsd" version="3.0.2" name="io.cucumber.junit.platform.engine.CucumberTestEngine" time="15.228" tests="10" errors="0" skipped="8" failures="0">
  <properties>
[...]
</properties>
  <testcase name="Example #1.1" classname="Examples" time="0.0">
    <skipped message="&apos;cucumber.filter.tags=@clearform&apos; did not match this scenario"/>
    <system-err><![CDATA[Feb 27, 2025 3:06:40 AM io.cucumber.junit.platform.engine.DiscoverySelectorResolver warnWhenCucumberFeaturesPropertyIsUsed
WARNING: Discovering tests using the cucumber.features property. Other discovery selectors are ignored!

This is a work around for the limited JUnit 5 support in Maven and Gradle. Please request/upvote/sponsor/ect better support for JUnit 5 discovery selectors. For details see: https://github.com/cucumber/cucumber-jvm/pull/2498

If you are using the JUnit 5 Suite Engine, Platform Launcher API or Console Launcher you should not use this property. Please consult the JUnit 5 documentation on test selection.
]]></system-err>
  </testcase>
  <testcase name="Example #1.1" classname="Examples" time="0.0">
    <skipped message="&apos;cucumber.filter.tags=@clearform&apos; did not match this scenario"/>
  </testcase>
  <testcase name="Example #1.1" classname="Examples" time="0.0">
    <skipped message="&apos;cucumber.filter.tags=@clearform&apos; did not match this scenario"/>
  </testcase>
  <testcase name="Example #1.1" classname="Examples" time="13.049">
    <system-out><![CDATA[The identiificationNumber is 44078
]]></system-out>
  </testcase>
  <testcase name="Example #2.1" classname="Examples" time="0.0">
    <skipped message="&apos;cucumber.filter.tags=@clearform&apos; did not match this scenario"/>
  </testcase>
  <testcase name="Example #2.1" classname="Examples" time="12.673">
    <system-out><![CDATA[The run mode is sauceLabss
The run mode is sauceLabss
2025-02-27 03:06:43 INFO DriverManager - =============== Chrome browser Launched ===============
2025-02-27 03:06:43 INFO DriverManager - =============== Chrome browser Launched ===============
the env is qa
the env is qa
The premium is 16000
The premium is 20030
The identiificationNumber is 44077
]]></system-out>
    <system-err><![CDATA[Feb 27, 2025 3:06:43 AM org.openqa.selenium.devtools.CdpVersionFinder findNearestMatch
WARNING: Unable to find CDP implementation matching 133
Feb 27, 2025 3:06:43 AM org.openqa.selenium.devtools.CdpVersionFinder findNearestMatch
WARNING: Unable to find CDP implementation matching 133
Feb 27, 2025 3:06:43 AM org.openqa.selenium.chromium.ChromiumDriver lambda$new$5
WARNING: Unable to find version of CDP to use for 133.0.6943.128. You may need to include a dependency on a specific version of the CDP using something similar to `org.seleniumhq.selenium:selenium-devtools-v86:4.14.0` where the version ("v86") matches the version of the chromium-based browser you're using and the version number of the artifact is the same as Selenium's.
Feb 27, 2025 3:06:43 AM org.openqa.selenium.chromium.ChromiumDriver lambda$new$5
WARNING: Unable to find version of CDP to use for 133.0.6943.128. You may need to include a dependency on a specific version of the CDP using something similar to `org.seleniumhq.selenium:selenium-devtools-v86:4.14.0` where the version ("v86") matches the version of the chromium-based browser you're using and the version number of the artifact is the same as Selenium's.
]]></system-err>
  </testcase>
  <testcase name="User logs in with invalid credentials" classname="User Login" time="0.0">
    <skipped message="&apos;cucumber.filter.tags=@clearform&apos; did not match this scenario"/>
  </testcase>
  <testcase name="User logs in with valid credentials" classname="User Login" time="0.0">
    <skipped message="&apos;cucumber.filter.tags=@clearform&apos; did not match this scenario"/>
  </testcase>
  <testcase name="Retrive Quotation" classname="Create a Policy" time="0.0">
    <skipped message="&apos;cucumber.filter.tags=@clearform&apos; did not match this scenario"/>
  </testcase>
  <testcase name="Retrive Quotation" classname="Create a Policy" time="0.0">
    <skipped message="&apos;cucumber.filter.tags=@clearform&apos; did not match this scenario"/>
  </testcase>
</testsuite>